# JRE version: OpenJDK Runtime Environment JBR-11.0.16.8-2043.64-dcevm (11.0.16+8) (build 11.0.16+8-b2043.64)
# Java VM: Dynamic Code Evolution 64-Bit Server VM JBR-11.0.16.8-2043.64-dcevm (11.0.16+8-b2043.64, mixed mode, tiered, compressed oops, g1 gc, windows-amd64)
Heap:
 garbage-first heap   total 624640K, used 219776K [0x0000000604600000, 0x0000000800000000)
  region size 2048K, 85 young (174080K), 2 survivors (4096K)
 Metaspace       used 52154K, capacity 53793K, committed 54064K, reserved 1095680K
  class space    used 6642K, capacity 7420K, committed 7472K, reserved 1048576K
GC Heap History (10 events):
Event: 0.295 GC heap before
{Heap before GC invocations=0 (full 0):
 garbage-first heap   total 520192K, used 24576K [0x0000000604600000, 0x0000000800000000)
  region size 2048K, 12 young (24576K), 0 survivors (0K)
 Metaspace       used 11125K, capacity 11247K, committed 11392K, reserved 1058816K
  class space    used 1027K, capacity 1063K, committed 1152K, reserved 1048576K
}
Event: 0.297 GC heap after
{Heap after GC invocations=1 (full 0):
 garbage-first heap   total 520192K, used 7940K [0x0000000604600000, 0x0000000800000000)
  region size 2048K, 2 young (4096K), 2 survivors (4096K)
 Metaspace       used 11125K, capacity 11247K, committed 11392K, reserved 1058816K
  class space    used 1027K, capacity 1063K, committed 1152K, reserved 1048576K
}
Event: 0.687 GC heap before
{Heap before GC invocations=1 (full 0):
 garbage-first heap   total 520192K, used 63236K [0x0000000604600000, 0x0000000800000000)
  region size 2048K, 24 young (49152K), 2 survivors (4096K)
 Metaspace       used 20822K, capacity 21199K, committed 21296K, reserved 1069056K
  class space    used 2200K, capacity 2337K, committed 2352K, reserved 1048576K
}
Event: 0.691 GC heap after
{Heap after GC invocations=2 (full 0):
 garbage-first heap   total 520192K, used 22383K [0x0000000604600000, 0x0000000800000000)
  region size 2048K, 4 young (8192K), 4 survivors (8192K)
 Metaspace       used 20822K, capacity 21199K, committed 21296K, reserved 1069056K
  class space    used 2200K, capacity 2337K, committed 2352K, reserved 1048576K
}
Event: 0.854 GC heap before
{Heap before GC invocations=3 (full 0):
 garbage-first heap   total 520192K, used 79727K [0x0000000604600000, 0x0000000800000000)
  region size 2048K, 32 young (65536K), 4 survivors (8192K)
 Metaspace       used 22731K, capacity 23152K, committed 23472K, reserved 1071104K
  class space    used 2495K, capacity 2670K, committed 2736K, reserved 1048576K
}
Event: 0.858 GC heap after
{Heap after GC invocations=4 (full 0):
 garbage-first heap   total 520192K, used 28605K [0x0000000604600000, 0x0000000800000000)
  region size 2048K, 4 young (8192K), 4 survivors (8192K)
 Metaspace       used 22731K, capacity 23152K, committed 23472K, reserved 1071104K
  class space    used 2495K, capacity 2670K, committed 2736K, reserved 1048576K
}
Event: 1.883 GC heap before
{Heap before GC invocations=4 (full 0):
 garbage-first heap   total 520192K, used 331709K [0x0000000604600000, 0x0000000800000000)
  region size 2048K, 152 young (311296K), 4 survivors (8192K)
 Metaspace       used 33156K, capacity 33831K, committed 34096K, reserved 1079296K
  class space    used 3826K, capacity 4093K, committed 4144K, reserved 1048576K
}
Event: 1.894 GC heap after
{Heap after GC invocations=5 (full 0):
 garbage-first heap   total 520192K, used 50211K [0x0000000604600000, 0x0000000800000000)
  region size 2048K, 15 young (30720K), 15 survivors (30720K)
 Metaspace       used 33156K, capacity 33831K, committed 34096K, reserved 1079296K
  class space    used 3826K, capacity 4093K, committed 4144K, reserved 1048576K
}
Event: 1.989 GC heap before
{Heap before GC invocations=5 (full 0):
 garbage-first heap   total 520192K, used 66595K [0x0000000604600000, 0x0000000800000000)
  region size 2048K, 24 young (49152K), 15 survivors (30720K)
 Metaspace       used 34979K, capacity 35569K, committed 35632K, reserved 1081344K
  class space    used 4077K, capacity 4352K, committed 4400K, reserved 1048576K
}
Event: 2.004 GC heap after
{Heap after GC invocations=6 (full 0):
 garbage-first heap   total 624640K, used 53888K [0x0000000604600000, 0x0000000800000000)
  region size 2048K, 2 young (4096K), 2 survivors (4096K)
 Metaspace       used 34979K, capacity 35569K, committed 35632K, reserved 1081344K
  class space    used 4077K, capacity 4352K, committed 4400K, reserved 1048576K
}

