# JRE version: OpenJDK Runtime Environment JBR-11.0.16.8-2043.64-dcevm (11.0.16+8) (build 11.0.16+8-b2043.64)
# Java VM: Dynamic Code Evolution 64-Bit Server VM JBR-11.0.16.8-2043.64-dcevm (11.0.16+8-b2043.64, mixed mode, tiered, compressed oops, g1 gc, windows-amd64)
Heap:
 garbage-first heap   total 624640K, used 77868K [0x0000000604600000, 0x0000000800000000)
  region size 2048K, 18 young (36864K), 10 survivors (20480K)
 Metaspace       used 52196K, capacity 53802K, committed 54064K, reserved 1095680K
  class space    used 6646K, capacity 7423K, committed 7472K, reserved 1048576K
GC Heap History (14 events):
Event: 0.271 GC heap before
{Heap before GC invocations=0 (full 0):
 garbage-first heap   total 520192K, used 24576K [0x0000000604600000, 0x0000000800000000)
  region size 2048K, 12 young (24576K), 0 survivors (0K)
 Metaspace       used 11195K, capacity 11343K, committed 11648K, reserved 1060864K
  class space    used 1034K, capacity 1095K, committed 1152K, reserved 1048576K
}
Event: 0.274 GC heap after
{Heap after GC invocations=1 (full 0):
 garbage-first heap   total 520192K, used 7813K [0x0000000604600000, 0x0000000800000000)
  region size 2048K, 2 young (4096K), 2 survivors (4096K)
 Metaspace       used 11195K, capacity 11343K, committed 11648K, reserved 1060864K
  class space    used 1034K, capacity 1095K, committed 1152K, reserved 1048576K
}
Event: 0.657 GC heap before
{Heap before GC invocations=1 (full 0):
 garbage-first heap   total 520192K, used 63109K [0x0000000604600000, 0x0000000800000000)
  region size 2048K, 24 young (49152K), 2 survivors (4096K)
 Metaspace       used 20822K, capacity 21199K, committed 21296K, reserved 1069056K
  class space    used 2200K, capacity 2337K, committed 2352K, reserved 1048576K
}
Event: 0.660 GC heap after
{Heap after GC invocations=2 (full 0):
 garbage-first heap   total 520192K, used 22807K [0x0000000604600000, 0x0000000800000000)
  region size 2048K, 4 young (8192K), 4 survivors (8192K)
 Metaspace       used 20822K, capacity 21199K, committed 21296K, reserved 1069056K
  class space    used 2200K, capacity 2337K, committed 2352K, reserved 1048576K
}
Event: 0.812 GC heap before
{Heap before GC invocations=3 (full 0):
 garbage-first heap   total 520192K, used 76055K [0x0000000604600000, 0x0000000800000000)
  region size 2048K, 30 young (61440K), 4 survivors (8192K)
 Metaspace       used 22728K, capacity 23152K, committed 23472K, reserved 1071104K
  class space    used 2495K, capacity 2670K, committed 2736K, reserved 1048576K
}
Event: 0.816 GC heap after
{Heap after GC invocations=4 (full 0):
 garbage-first heap   total 520192K, used 28459K [0x0000000604600000, 0x0000000800000000)
  region size 2048K, 4 young (8192K), 4 survivors (8192K)
 Metaspace       used 22728K, capacity 23152K, committed 23472K, reserved 1071104K
  class space    used 2495K, capacity 2670K, committed 2736K, reserved 1048576K
}
Event: 0.900 GC heap before
{Heap before GC invocations=4 (full 0):
 garbage-first heap   total 520192K, used 116523K [0x0000000604600000, 0x0000000800000000)
  region size 2048K, 47 young (96256K), 4 survivors (8192K)
 Metaspace       used 22728K, capacity 23152K, committed 23472K, reserved 1071104K
  class space    used 2495K, capacity 2670K, committed 2736K, reserved 1048576K
}
Event: 0.904 GC heap after
{Heap after GC invocations=5 (full 0):
 garbage-first heap   total 520192K, used 34210K [0x0000000604600000, 0x0000000800000000)
  region size 2048K, 6 young (12288K), 6 survivors (12288K)
 Metaspace       used 22728K, capacity 23152K, committed 23472K, reserved 1071104K
  class space    used 2495K, capacity 2670K, committed 2736K, reserved 1048576K
}
Event: 1.026 GC heap before
{Heap before GC invocations=5 (full 0):
 garbage-first heap   total 520192K, used 148898K [0x0000000604600000, 0x0000000800000000)
  region size 2048K, 62 young (126976K), 6 survivors (12288K)
 Metaspace       used 23664K, capacity 24081K, committed 24368K, reserved 1071104K
  class space    used 2651K, capacity 2830K, committed 2864K, reserved 1048576K
}
Event: 1.035 GC heap after
{Heap after GC invocations=6 (full 0):
 garbage-first heap   total 624640K, used 43514K [0x0000000604600000, 0x0000000800000000)
  region size 2048K, 8 young (16384K), 8 survivors (16384K)
 Metaspace       used 23664K, capacity 24081K, committed 24368K, reserved 1071104K
  class space    used 2651K, capacity 2830K, committed 2864K, reserved 1048576K
}
Event: 1.866 GC heap before
{Heap before GC invocations=6 (full 0):
 garbage-first heap   total 624640K, used 164346K [0x0000000604600000, 0x0000000800000000)
  region size 2048K, 68 young (139264K), 8 survivors (16384K)
 Metaspace       used 34977K, capacity 35570K, committed 35632K, reserved 1081344K
  class space    used 4086K, capacity 4352K, committed 4400K, reserved 1048576K
}
Event: 1.872 GC heap after
{Heap after GC invocations=7 (full 0):
 garbage-first heap   total 624640K, used 51605K [0x0000000604600000, 0x0000000800000000)
  region size 2048K, 10 young (20480K), 10 survivors (20480K)
 Metaspace       used 34977K, capacity 35570K, committed 35632K, reserved 1081344K
  class space    used 4086K, capacity 4352K, committed 4400K, reserved 1048576K
}
Event: 2.702 GC heap before
{Heap before GC invocations=8 (full 0):
 garbage-first heap   total 624640K, used 209301K [0x0000000604600000, 0x0000000800000000)
  region size 2048K, 87 young (178176K), 10 survivors (20480K)
 Metaspace       used 49149K, capacity 50703K, committed 50864K, reserved 1093632K
  class space    used 6306K, capacity 7053K, committed 7088K, reserved 1048576K
}
Event: 2.708 GC heap after
{Heap after GC invocations=9 (full 0):
 garbage-first heap   total 624640K, used 63532K [0x0000000604600000, 0x0000000800000000)
  region size 2048K, 10 young (20480K), 10 survivors (20480K)
 Metaspace       used 49149K, capacity 50703K, committed 50864K, reserved 1093632K
  class space    used 6306K, capacity 7053K, committed 7088K, reserved 1048576K
}

